<?xml version="1.0" encoding="UTF-8"?>
<!-- Generated by org.testng.reporters.JUnitXMLReporter -->
<testsuite ignored="0" hostname="LAPTOP-2KDSOKEL" failures="0" tests="2" name="Linux-firefox" time="0.024" errors="0" timestamp="2024-08-27T18:19:28 IST">
  <testcase classname="testCases.TC001_AccountRegistration" name="verify_AccountRegistration" time="0.0">
    <skipped/>
  </testcase> <!-- verify_AccountRegistration -->
  <testcase classname="testCases.TC002_LoginTest" name="verify_LoginTest" time="0.0">
    <skipped/>
  </testcase> <!-- verify_LoginTest -->
</testsuite> <!-- Linux-firefox -->
