<?xml version="1.0" encoding="UTF-8"?>
<!-- Generated by org.testng.reporters.JUnitXMLReporter -->
<testsuite ignored="1" hostname="LAPTOP-2KDSOKEL" failures="0" tests="1" name="Test" time="7.844" errors="0" timestamp="2024-09-02T20:19:21 IST">
  <testcase classname="testCases.TC002_LoginTest" name="verify_LoginTest" time="1.296"/>
  <testcase classname="testCases.TC001_AccountRegistration" name="verify_AccountRegistration" time="0.0">
    <ignored/>
  </testcase> <!-- verify_AccountRegistration -->
</testsuite> <!-- Test -->
