<?xml version="1.0" encoding="UTF-8"?>
<testng-results ignored="0" total="1" passed="1" failed="0" skipped="0">
  <reporter-output>
  </reporter-output>
  <suite started-at="2024-09-02T20:19:11 IST" name="Suite" finished-at="2024-09-02T20:19:19 IST" duration-ms="7844">
    <groups>
      <group name="Master">
        <method signature="TC002_LoginTest.verify_LoginTest()[pri:0, instance:testCases.TC002_LoginTest@d3957fe]" name="verify_LoginTest" class="testCases.TC002_LoginTest"/>
      </group> <!-- Master -->
      <group name="Sanity">
        <method signature="TC002_LoginTest.verify_LoginTest()[pri:0, instance:testCases.TC002_LoginTest@d3957fe]" name="verify_LoginTest" class="testCases.TC002_LoginTest"/>
      </group> <!-- Sanity -->
    </groups>
    <test started-at="2024-09-02T20:19:11 IST" name="Test" finished-at="2024-09-02T20:19:19 IST" duration-ms="7844">
      <class name="testCases.TC002_LoginTest">
        <test-method is-config="true" signature="setUp(java.lang.String,java.lang.String)[pri:0, instance:testCases.TC002_LoginTest@d3957fe]" started-at="2024-09-02T20:19:11 IST" name="setUp" finished-at="2024-09-02T20:19:17 IST" duration-ms="5709" status="PASS">
          <params>
            <param index="0">
              <value>
                <![CDATA[Windows]]>
              </value>
            </param>
            <param index="1">
              <value>
                <![CDATA[chrome]]>
              </value>
            </param>
          </params>
          <reporter-output>
          </reporter-output>
        </test-method> <!-- setUp -->
        <test-method signature="verify_LoginTest()[pri:0, instance:testCases.TC002_LoginTest@d3957fe]" started-at="2024-09-02T20:19:17 IST" name="verify_LoginTest" finished-at="2024-09-02T20:19:19 IST" duration-ms="1296" status="PASS">
          <reporter-output>
          </reporter-output>
        </test-method> <!-- verify_LoginTest -->
        <test-method is-config="true" signature="tearDown()[pri:0, instance:testCases.TC002_LoginTest@d3957fe]" started-at="2024-09-02T20:19:19 IST" name="tearDown" finished-at="2024-09-02T20:19:19 IST" duration-ms="410" status="PASS">
          <reporter-output>
          </reporter-output>
        </test-method> <!-- tearDown -->
      </class> <!-- testCases.TC002_LoginTest -->
    </test> <!-- Test -->
  </suite> <!-- Suite -->
</testng-results>
