<?xml version="1.0" encoding="UTF-8"?>
<testng-results ignored="0" total="2" passed="2" failed="0" skipped="0">
  <reporter-output>
  </reporter-output>
  <suite started-at="2024-08-29T15:24:32 IST" name="Suite" finished-at="2024-08-29T15:24:47 IST" duration-ms="15186">
    <groups>
      <group name="Master">
        <method signature="TC001_AccountRegistration.verify_AccountRegistration()[pri:0, instance:testCases.TC001_AccountRegistration@5733f295]" name="verify_AccountRegistration" class="testCases.TC001_AccountRegistration"/>
        <method signature="TC002_LoginTest.verify_LoginTest()[pri:0, instance:testCases.TC002_LoginTest@47a86fbb]" name="verify_LoginTest" class="testCases.TC002_LoginTest"/>
      </group> <!-- Master -->
      <group name="Sanity">
        <method signature="TC002_LoginTest.verify_LoginTest()[pri:0, instance:testCases.TC002_LoginTest@47a86fbb]" name="verify_LoginTest" class="testCases.TC002_LoginTest"/>
      </group> <!-- Sanity -->
      <group name="Regression">
        <method signature="TC001_AccountRegistration.verify_AccountRegistration()[pri:0, instance:testCases.TC001_AccountRegistration@5733f295]" name="verify_AccountRegistration" class="testCases.TC001_AccountRegistration"/>
      </group> <!-- Regression -->
    </groups>
    <test started-at="2024-08-29T15:24:32 IST" name="Test" finished-at="2024-08-29T15:24:47 IST" duration-ms="15186">
      <class name="testCases.TC002_LoginTest">
        <test-method is-config="true" signature="setUp(java.lang.String,java.lang.String)[pri:0, instance:testCases.TC002_LoginTest@47a86fbb]" started-at="2024-08-29T15:24:41 IST" name="setUp" finished-at="2024-08-29T15:24:45 IST" duration-ms="4343" status="PASS">
          <params>
            <param index="0">
              <value>
                <![CDATA[Windows]]>
              </value>
            </param>
            <param index="1">
              <value>
                <![CDATA[chrome]]>
              </value>
            </param>
          </params>
          <reporter-output>
          </reporter-output>
        </test-method> <!-- setUp -->
        <test-method signature="verify_LoginTest()[pri:0, instance:testCases.TC002_LoginTest@47a86fbb]" started-at="2024-08-29T15:24:45 IST" name="verify_LoginTest" finished-at="2024-08-29T15:24:47 IST" duration-ms="1265" status="PASS">
          <reporter-output>
          </reporter-output>
        </test-method> <!-- verify_LoginTest -->
        <test-method is-config="true" signature="tearDown()[pri:0, instance:testCases.TC002_LoginTest@47a86fbb]" started-at="2024-08-29T15:24:47 IST" name="tearDown" finished-at="2024-08-29T15:24:47 IST" duration-ms="464" status="PASS">
          <reporter-output>
          </reporter-output>
        </test-method> <!-- tearDown -->
      </class> <!-- testCases.TC002_LoginTest -->
      <class name="testCases.TC001_AccountRegistration">
        <test-method is-config="true" signature="setUp(java.lang.String,java.lang.String)[pri:0, instance:testCases.TC001_AccountRegistration@5733f295]" started-at="2024-08-29T15:24:32 IST" name="setUp" finished-at="2024-08-29T15:24:38 IST" duration-ms="5971" status="PASS">
          <params>
            <param index="0">
              <value>
                <![CDATA[Windows]]>
              </value>
            </param>
            <param index="1">
              <value>
                <![CDATA[chrome]]>
              </value>
            </param>
          </params>
          <reporter-output>
          </reporter-output>
        </test-method> <!-- setUp -->
        <test-method signature="verify_AccountRegistration()[pri:0, instance:testCases.TC001_AccountRegistration@5733f295]" started-at="2024-08-29T15:24:38 IST" name="verify_AccountRegistration" finished-at="2024-08-29T15:24:41 IST" duration-ms="2263" status="PASS">
          <reporter-output>
          </reporter-output>
        </test-method> <!-- verify_AccountRegistration -->
        <test-method is-config="true" signature="tearDown()[pri:0, instance:testCases.TC001_AccountRegistration@5733f295]" started-at="2024-08-29T15:24:41 IST" name="tearDown" finished-at="2024-08-29T15:24:41 IST" duration-ms="416" status="PASS">
          <reporter-output>
          </reporter-output>
        </test-method> <!-- tearDown -->
      </class> <!-- testCases.TC001_AccountRegistration -->
    </test> <!-- Test -->
  </suite> <!-- Suite -->
</testng-results>
